<?xml version="1.0" encoding="UTF-8"?>
<!-- Generated by org.testng.reporters.JUnitXMLReporter -->
<testsuite ignored="0" hostname="AKASH-MOHAN" failures="2" tests="2" name="Test2" time="60.405" errors="0" timestamp="2022-09-01T09:38:07 IST">
  <testcase classname="io.cucumber.testng.AbstractTestNGCucumberTests" name="runScenario" time="37.201">
    <failure type="java.lang.AssertionError" message="expected [THE 10 BEST Restaurants in Chennai (Madras) - Updated August 2022 - Tripadvisor] but found [THE 10 BEST Restaurants in Chennai (Madras) - Updated September 2022 - Tripadvisor]">
      <![CDATA[java.lang.AssertionError: expected [THE 10 BEST Restaurants in Chennai (Madras) - Updated August 2022 - Tripadvisor] but found [THE 10 BEST Restaurants in Chennai (Madras) - Updated September 2022 - Tripadvisor]
at StepDefinition.SearchRestaurantsStepDefinition.user_verifies_the_search_result_is_displayed_on_the_next_page(SearchRestaurantsStepDefinition.java:37)
at ✽.user verifies the search result is displayed on the next page(file:///C:/Users/akash/eclipse-workspace/TripAdvisor_Application/src/test/resources/Functionalities/SearchResaurants.feature:10)
... Removed 6 stack frames]]>
    </failure>
  </testcase> <!-- runScenario -->
  <testcase classname="io.cucumber.testng.AbstractTestNGCucumberTests" name="runScenario" time="23.068">
    <failure type="io.cucumber.testng.UndefinedStepException" message="The step &amp;apos;user verifies whether the error message is displayed or not&amp;apos; is undefined.
You can implement this step using the snippet(s) below:

@Then(&amp;quot;user verifies whether the error message is displayed or not&amp;quot;)
public void user_verifies_whether_the_error_message_is_displayed_or_not() {
    // Write code here that turns the phrase above into concrete actions
    throw new io.cucumber.java.PendingException();
}
">
      <![CDATA[io.cucumber.testng.UndefinedStepException: The step 'user verifies whether the error message is displayed or not' is undefined.
You can implement this step using the snippet(s) below:

@Then("user verifies whether the error message is displayed or not")
public void user_verifies_whether_the_error_message_is_displayed_or_not() {
    // Write code here that turns the phrase above into concrete actions
    throw new io.cucumber.java.PendingException();
}

at io.cucumber.core.runtime.TestCaseResultObserver.assertTestCasePassed(TestCaseResultObserver.java:69)
at io.cucumber.testng.TestCaseResultObserver.assertTestCasePassed(TestCaseResultObserver.java:23)
at io.cucumber.testng.TestNGCucumberRunner.lambda$runScenario$1(TestNGCucumberRunner.java:133)
at io.cucumber.core.runtime.CucumberExecutionContext.lambda$runTestCase$5(CucumberExecutionContext.java:129)
at io.cucumber.core.runtime.RethrowingThrowableCollector.executeAndThrow(RethrowingThrowableCollector.java:23)
at io.cucumber.core.runtime.CucumberExecutionContext.runTestCase(CucumberExecutionContext.java:129)
at io.cucumber.testng.TestNGCucumberRunner.runScenario(TestNGCucumberRunner.java:129)
at io.cucumber.testng.AbstractTestNGCucumberTests.runScenario(AbstractTestNGCucumberTests.java:35)
at java.base/java.util.ArrayList.forEach(ArrayList.java:1511)
... Removed 27 stack frames]]>
    </failure>
  </testcase> <!-- runScenario -->
</testsuite> <!-- Test2 -->
