<?xml version="1.0" encoding="UTF-8"?>
<testng-results ignored="0" total="8" passed="3" failed="5" skipped="0">
  <reporter-output>
  </reporter-output>
  <suite started-at="2022-08-31T13:50:31 IST" name="Suite" finished-at="2022-08-31T13:55:11 IST" duration-ms="279830">
    <groups>
      <group name="cucumber">
        <method signature="AbstractTestNGCucumberTests.runScenario(io.cucumber.testng.PickleWrapper,io.cucumber.testng.FeatureWrapper)[pri:0, instance:TestRunner.HomePageTestRunner@376e7531]" name="runScenario" class="io.cucumber.testng.AbstractTestNGCucumberTests"/>
        <method signature="AbstractTestNGCucumberTests.runScenario(io.cucumber.testng.PickleWrapper,io.cucumber.testng.FeatureWrapper)[pri:0, instance:TestRunner.FunctionalityTestRunner@20749d9]" name="runScenario" class="io.cucumber.testng.AbstractTestNGCucumberTests"/>
        <method signature="AbstractTestNGCucumberTests.runScenario(io.cucumber.testng.PickleWrapper,io.cucumber.testng.FeatureWrapper)[pri:0, instance:TestRunner.Functionality2TestRunner@3cd206b5]" name="runScenario" class="io.cucumber.testng.AbstractTestNGCucumberTests"/>
        <method signature="AbstractTestNGCucumberTests.runScenario(io.cucumber.testng.PickleWrapper,io.cucumber.testng.FeatureWrapper)[pri:0, instance:TestRunner.Functionality3TestRunner@4df39a88]" name="runScenario" class="io.cucumber.testng.AbstractTestNGCucumberTests"/>
        <method signature="AbstractTestNGCucumberTests.runScenario(io.cucumber.testng.PickleWrapper,io.cucumber.testng.FeatureWrapper)[pri:0, instance:TestRunner.Functionality4TestRunner@3f49e266]" name="runScenario" class="io.cucumber.testng.AbstractTestNGCucumberTests"/>
        <method signature="AbstractTestNGCucumberTests.runScenario(io.cucumber.testng.PickleWrapper,io.cucumber.testng.FeatureWrapper)[pri:0, instance:TestRunner.Functionality5TestRunner@7a1f8def]" name="runScenario" class="io.cucumber.testng.AbstractTestNGCucumberTests"/>
      </group> <!-- cucumber -->
    </groups>
    <test started-at="2022-08-31T13:50:31 IST" name="Test1" finished-at="2022-08-31T13:50:53 IST" duration-ms="21451">
      <class name="TestRunner.HomePageTestRunner">
        <test-method is-config="true" signature="setUpClass(org.testng.ITestContext)[pri:0, instance:TestRunner.HomePageTestRunner@376e7531]" started-at="2022-08-31T13:50:31 IST" name="setUpClass" finished-at="2022-08-31T13:50:32 IST" duration-ms="1150" status="PASS">
          <params>
            <param index="0">
              <value>
                <![CDATA[org.testng.TestRunner@1e1f808c]]>
              </value>
            </param>
          </params>
          <reporter-output>
          </reporter-output>
        </test-method> <!-- setUpClass -->
        <test-method signature="runScenario(io.cucumber.testng.PickleWrapper,io.cucumber.testng.FeatureWrapper)[pri:0, instance:TestRunner.HomePageTestRunner@376e7531]" started-at="2022-08-31T13:50:32 IST" name="runScenario" description="Runs Cucumber Scenarios" data-provider="scenarios" finished-at="2022-08-31T13:50:52 IST" duration-ms="19995" status="PASS">
          <params>
            <param index="0">
              <value>
                <![CDATA["the user wants to verify the functionality of the URL."]]>
              </value>
            </param>
            <param index="1">
              <value>
                <![CDATA["to verify the functionality of the application."]]>
              </value>
            </param>
          </params>
          <reporter-output>
          </reporter-output>
        </test-method> <!-- runScenario -->
        <test-method is-config="true" signature="tearDownClass()[pri:0, instance:TestRunner.HomePageTestRunner@376e7531]" started-at="2022-08-31T13:50:53 IST" name="tearDownClass" finished-at="2022-08-31T13:50:53 IST" duration-ms="64" status="PASS">
          <reporter-output>
          </reporter-output>
        </test-method> <!-- tearDownClass -->
      </class> <!-- TestRunner.HomePageTestRunner -->
    </test> <!-- Test1 -->
    <test started-at="2022-08-31T13:50:53 IST" name="Test2" finished-at="2022-08-31T13:51:56 IST" duration-ms="63323">
      <class name="TestRunner.FunctionalityTestRunner">
        <test-method is-config="true" signature="setUpClass(org.testng.ITestContext)[pri:0, instance:TestRunner.FunctionalityTestRunner@20749d9]" started-at="2022-08-31T13:50:53 IST" name="setUpClass" finished-at="2022-08-31T13:50:53 IST" duration-ms="63" status="PASS">
          <params>
            <param index="0">
              <value>
                <![CDATA[org.testng.TestRunner@4f45a09c]]>
              </value>
            </param>
          </params>
          <reporter-output>
          </reporter-output>
        </test-method> <!-- setUpClass -->
        <test-method signature="runScenario(io.cucumber.testng.PickleWrapper,io.cucumber.testng.FeatureWrapper)[pri:0, instance:TestRunner.FunctionalityTestRunner@20749d9]" started-at="2022-08-31T13:50:53 IST" name="runScenario" description="Runs Cucumber Scenarios" data-provider="scenarios" finished-at="2022-08-31T13:51:31 IST" duration-ms="37813" status="FAIL">
          <params>
            <param index="0">
              <value>
                <![CDATA["the user wants to functionality of the restaurant option."]]>
              </value>
            </param>
            <param index="1">
              <value>
                <![CDATA["to check the functionality of the restaurant option."]]>
              </value>
            </param>
          </params>
          <exception class="io.cucumber.java.PendingException">
            <message>
              <![CDATA[TODO: implement me]]>
            </message>
            <full-stacktrace>
              <![CDATA[io.cucumber.java.PendingException: TODO: implement me
at StepDefinition.SearchRestaurantsStepDefinition.user_select_restaurants_of_user_s_choice(SearchRestaurantsStepDefinition.java:48)
at ✽.user select restaurants of user's choice(file:///C:/Users/akash/eclipse-workspace/TripAdvisor_Application/src/test/resources/Functionalities/SearchResaurants.feature:11)
]]>
            </full-stacktrace>
          </exception> <!-- io.cucumber.java.PendingException -->
          <reporter-output>
          </reporter-output>
        </test-method> <!-- runScenario -->
        <test-method signature="runScenario(io.cucumber.testng.PickleWrapper,io.cucumber.testng.FeatureWrapper)[pri:0, instance:TestRunner.FunctionalityTestRunner@20749d9]" started-at="2022-08-31T13:51:31 IST" name="runScenario" description="Runs Cucumber Scenarios" data-provider="scenarios" finished-at="2022-08-31T13:51:56 IST" duration-ms="25389" status="FAIL">
          <params>
            <param index="0">
              <value>
                <![CDATA["the user wants to functionality of the restaurant option."]]>
              </value>
            </param>
            <param index="1">
              <value>
                <![CDATA["to check the functionality of the restaurant option."]]>
              </value>
            </param>
          </params>
          <exception class="io.cucumber.testng.UndefinedStepException">
            <message>
              <![CDATA[The step 'user verifies whether the error message is displayed or not' is undefined.
You can implement this step using the snippet(s) below:

@Then("user verifies whether the error message is displayed or not")
public void user_verifies_whether_the_error_message_is_displayed_or_not() {
    // Write code here that turns the phrase above into concrete actions
    throw new io.cucumber.java.PendingException();
}
]]>
            </message>
            <full-stacktrace>
              <![CDATA[io.cucumber.testng.UndefinedStepException: The step 'user verifies whether the error message is displayed or not' is undefined.
You can implement this step using the snippet(s) below:

@Then("user verifies whether the error message is displayed or not")
public void user_verifies_whether_the_error_message_is_displayed_or_not() {
    // Write code here that turns the phrase above into concrete actions
    throw new io.cucumber.java.PendingException();
}

at io.cucumber.core.runtime.TestCaseResultObserver.assertTestCasePassed(TestCaseResultObserver.java:69)
at io.cucumber.testng.TestCaseResultObserver.assertTestCasePassed(TestCaseResultObserver.java:23)
at io.cucumber.testng.TestNGCucumberRunner.lambda$runScenario$1(TestNGCucumberRunner.java:133)
at io.cucumber.core.runtime.CucumberExecutionContext.lambda$runTestCase$5(CucumberExecutionContext.java:129)
at io.cucumber.core.runtime.RethrowingThrowableCollector.executeAndThrow(RethrowingThrowableCollector.java:23)
at io.cucumber.core.runtime.CucumberExecutionContext.runTestCase(CucumberExecutionContext.java:129)
at io.cucumber.testng.TestNGCucumberRunner.runScenario(TestNGCucumberRunner.java:129)
at io.cucumber.testng.AbstractTestNGCucumberTests.runScenario(AbstractTestNGCucumberTests.java:35)
at java.base/jdk.internal.reflect.NativeMethodAccessorImpl.invoke0(Native Method)
at java.base/jdk.internal.reflect.NativeMethodAccessorImpl.invoke(NativeMethodAccessorImpl.java:64)
at java.base/jdk.internal.reflect.DelegatingMethodAccessorImpl.invoke(DelegatingMethodAccessorImpl.java:43)
at java.base/java.lang.reflect.Method.invoke(Method.java:564)
at org.testng.internal.invokers.MethodInvocationHelper.invokeMethod(MethodInvocationHelper.java:139)
at org.testng.internal.invokers.TestInvoker.invokeMethod(TestInvoker.java:677)
at org.testng.internal.invokers.TestInvoker.invokeTestMethod(TestInvoker.java:221)
at org.testng.internal.invokers.MethodRunner.runInSequence(MethodRunner.java:50)
at org.testng.internal.invokers.TestInvoker$MethodInvocationAgent.invoke(TestInvoker.java:962)
at org.testng.internal.invokers.TestInvoker.invokeTestMethods(TestInvoker.java:194)
at org.testng.internal.invokers.TestMethodWorker.invokeTestMethods(TestMethodWorker.java:148)
at org.testng.internal.invokers.TestMethodWorker.run(TestMethodWorker.java:128)
at java.base/java.util.ArrayList.forEach(ArrayList.java:1511)
at org.testng.TestRunner.privateRun(TestRunner.java:806)
at org.testng.TestRunner.run(TestRunner.java:601)
at org.testng.SuiteRunner.runTest(SuiteRunner.java:433)
at org.testng.SuiteRunner.runSequentially(SuiteRunner.java:427)
at org.testng.SuiteRunner.privateRun(SuiteRunner.java:387)
at org.testng.SuiteRunner.run(SuiteRunner.java:330)
at org.testng.SuiteRunnerWorker.runSuite(SuiteRunnerWorker.java:52)
at org.testng.SuiteRunnerWorker.run(SuiteRunnerWorker.java:95)
at org.testng.TestNG.runSuitesSequentially(TestNG.java:1256)
at org.testng.TestNG.runSuitesLocally(TestNG.java:1176)
at org.testng.TestNG.runSuites(TestNG.java:1099)
at org.testng.TestNG.run(TestNG.java:1067)
at org.testng.remote.AbstractRemoteTestNG.run(AbstractRemoteTestNG.java:115)
at org.testng.remote.RemoteTestNG.initAndRun(RemoteTestNG.java:251)
at org.testng.remote.RemoteTestNG.main(RemoteTestNG.java:77)
]]>
            </full-stacktrace>
          </exception> <!-- io.cucumber.testng.UndefinedStepException -->
          <reporter-output>
          </reporter-output>
        </test-method> <!-- runScenario -->
        <test-method is-config="true" signature="tearDownClass()[pri:0, instance:TestRunner.FunctionalityTestRunner@20749d9]" started-at="2022-08-31T13:51:56 IST" name="tearDownClass" finished-at="2022-08-31T13:51:56 IST" duration-ms="40" status="PASS">
          <reporter-output>
          </reporter-output>
        </test-method> <!-- tearDownClass -->
      </class> <!-- TestRunner.FunctionalityTestRunner -->
    </test> <!-- Test2 -->
    <test started-at="2022-08-31T13:51:56 IST" name="Test3" finished-at="2022-08-31T13:52:34 IST" duration-ms="37957">
      <class name="TestRunner.Functionality2TestRunner">
        <test-method is-config="true" signature="setUpClass(org.testng.ITestContext)[pri:0, instance:TestRunner.Functionality2TestRunner@3cd206b5]" started-at="2022-08-31T13:51:56 IST" name="setUpClass" finished-at="2022-08-31T13:51:56 IST" duration-ms="24" status="PASS">
          <params>
            <param index="0">
              <value>
                <![CDATA[org.testng.TestRunner@7a1ed74]]>
              </value>
            </param>
          </params>
          <reporter-output>
          </reporter-output>
        </test-method> <!-- setUpClass -->
        <test-method signature="runScenario(io.cucumber.testng.PickleWrapper,io.cucumber.testng.FeatureWrapper)[pri:0, instance:TestRunner.Functionality2TestRunner@3cd206b5]" started-at="2022-08-31T13:51:56 IST" name="runScenario" description="Runs Cucumber Scenarios" data-provider="scenarios" finished-at="2022-08-31T13:52:34 IST" duration-ms="37843" status="PASS">
          <params>
            <param index="0">
              <value>
                <![CDATA["the user wants to verify the functionality of the URL."]]>
              </value>
            </param>
            <param index="1">
              <value>
                <![CDATA["to verify the functionality of the application."]]>
              </value>
            </param>
          </params>
          <reporter-output>
          </reporter-output>
        </test-method> <!-- runScenario -->
        <test-method is-config="true" signature="tearDownClass()[pri:0, instance:TestRunner.Functionality2TestRunner@3cd206b5]" started-at="2022-08-31T13:52:34 IST" name="tearDownClass" finished-at="2022-08-31T13:52:34 IST" duration-ms="78" status="PASS">
          <reporter-output>
          </reporter-output>
        </test-method> <!-- tearDownClass -->
      </class> <!-- TestRunner.Functionality2TestRunner -->
    </test> <!-- Test3 -->
    <test started-at="2022-08-31T13:52:34 IST" name="Test4" finished-at="2022-08-31T13:53:47 IST" duration-ms="73333">
      <class name="TestRunner.Functionality3TestRunner">
        <test-method is-config="true" signature="setUpClass(org.testng.ITestContext)[pri:0, instance:TestRunner.Functionality3TestRunner@4df39a88]" started-at="2022-08-31T13:52:34 IST" name="setUpClass" finished-at="2022-08-31T13:52:34 IST" duration-ms="68" status="PASS">
          <params>
            <param index="0">
              <value>
                <![CDATA[org.testng.TestRunner@60931e00]]>
              </value>
            </param>
          </params>
          <reporter-output>
          </reporter-output>
        </test-method> <!-- setUpClass -->
        <test-method signature="runScenario(io.cucumber.testng.PickleWrapper,io.cucumber.testng.FeatureWrapper)[pri:0, instance:TestRunner.Functionality3TestRunner@4df39a88]" started-at="2022-08-31T13:52:34 IST" name="runScenario" description="Runs Cucumber Scenarios" data-provider="scenarios" finished-at="2022-08-31T13:53:10 IST" duration-ms="35606" status="FAIL">
          <params>
            <param index="0">
              <value>
                <![CDATA["the user wants to verify the functionality of the URL."]]>
              </value>
            </param>
            <param index="1">
              <value>
                <![CDATA["to verify the functionality of the application."]]>
              </value>
            </param>
          </params>
          <exception class="io.cucumber.testng.UndefinedStepException">
            <message>
              <![CDATA[The step 'user enters the invalid location 'asdfg' on the pickup location text box' and 1 other step(s) are undefined.
You can implement these steps using the snippet(s) below:

@Then("user enters the invalid location {string} on the pickup location text box")
public void user_enters_the_invalid_location_on_the_pickup_location_text_box(String string) {
    // Write code here that turns the phrase above into concrete actions
    throw new io.cucumber.java.PendingException();
}
@Then("user wants to verify whether the error is shown.")
public void user_wants_to_verify_whether_the_error_is_shown() {
    // Write code here that turns the phrase above into concrete actions
    throw new io.cucumber.java.PendingException();
}
]]>
            </message>
            <full-stacktrace>
              <![CDATA[io.cucumber.testng.UndefinedStepException: The step 'user enters the invalid location 'asdfg' on the pickup location text box' and 1 other step(s) are undefined.
You can implement these steps using the snippet(s) below:

@Then("user enters the invalid location {string} on the pickup location text box")
public void user_enters_the_invalid_location_on_the_pickup_location_text_box(String string) {
    // Write code here that turns the phrase above into concrete actions
    throw new io.cucumber.java.PendingException();
}
@Then("user wants to verify whether the error is shown.")
public void user_wants_to_verify_whether_the_error_is_shown() {
    // Write code here that turns the phrase above into concrete actions
    throw new io.cucumber.java.PendingException();
}

at io.cucumber.core.runtime.TestCaseResultObserver.assertTestCasePassed(TestCaseResultObserver.java:69)
at io.cucumber.testng.TestCaseResultObserver.assertTestCasePassed(TestCaseResultObserver.java:23)
at io.cucumber.testng.TestNGCucumberRunner.lambda$runScenario$1(TestNGCucumberRunner.java:133)
at io.cucumber.core.runtime.CucumberExecutionContext.lambda$runTestCase$5(CucumberExecutionContext.java:129)
at io.cucumber.core.runtime.RethrowingThrowableCollector.executeAndThrow(RethrowingThrowableCollector.java:23)
at io.cucumber.core.runtime.CucumberExecutionContext.runTestCase(CucumberExecutionContext.java:129)
at io.cucumber.testng.TestNGCucumberRunner.runScenario(TestNGCucumberRunner.java:129)
at io.cucumber.testng.AbstractTestNGCucumberTests.runScenario(AbstractTestNGCucumberTests.java:35)
at java.base/jdk.internal.reflect.NativeMethodAccessorImpl.invoke0(Native Method)
at java.base/jdk.internal.reflect.NativeMethodAccessorImpl.invoke(NativeMethodAccessorImpl.java:64)
at java.base/jdk.internal.reflect.DelegatingMethodAccessorImpl.invoke(DelegatingMethodAccessorImpl.java:43)
at java.base/java.lang.reflect.Method.invoke(Method.java:564)
at org.testng.internal.invokers.MethodInvocationHelper.invokeMethod(MethodInvocationHelper.java:139)
at org.testng.internal.invokers.TestInvoker.invokeMethod(TestInvoker.java:677)
at org.testng.internal.invokers.TestInvoker.invokeTestMethod(TestInvoker.java:221)
at org.testng.internal.invokers.MethodRunner.runInSequence(MethodRunner.java:50)
at org.testng.internal.invokers.TestInvoker$MethodInvocationAgent.invoke(TestInvoker.java:962)
at org.testng.internal.invokers.TestInvoker.invokeTestMethods(TestInvoker.java:194)
at org.testng.internal.invokers.TestMethodWorker.invokeTestMethods(TestMethodWorker.java:148)
at org.testng.internal.invokers.TestMethodWorker.run(TestMethodWorker.java:128)
at java.base/java.util.ArrayList.forEach(ArrayList.java:1511)
at org.testng.TestRunner.privateRun(TestRunner.java:806)
at org.testng.TestRunner.run(TestRunner.java:601)
at org.testng.SuiteRunner.runTest(SuiteRunner.java:433)
at org.testng.SuiteRunner.runSequentially(SuiteRunner.java:427)
at org.testng.SuiteRunner.privateRun(SuiteRunner.java:387)
at org.testng.SuiteRunner.run(SuiteRunner.java:330)
at org.testng.SuiteRunnerWorker.runSuite(SuiteRunnerWorker.java:52)
at org.testng.SuiteRunnerWorker.run(SuiteRunnerWorker.java:95)
at org.testng.TestNG.runSuitesSequentially(TestNG.java:1256)
at org.testng.TestNG.runSuitesLocally(TestNG.java:1176)
at org.testng.TestNG.runSuites(TestNG.java:1099)
at org.testng.TestNG.run(TestNG.java:1067)
at org.testng.remote.AbstractRemoteTestNG.run(AbstractRemoteTestNG.java:115)
at org.testng.remote.RemoteTestNG.initAndRun(RemoteTestNG.java:251)
at org.testng.remote.RemoteTestNG.main(RemoteTestNG.java:77)
]]>
            </full-stacktrace>
          </exception> <!-- io.cucumber.testng.UndefinedStepException -->
          <reporter-output>
          </reporter-output>
        </test-method> <!-- runScenario -->
        <test-method signature="runScenario(io.cucumber.testng.PickleWrapper,io.cucumber.testng.FeatureWrapper)[pri:0, instance:TestRunner.Functionality3TestRunner@4df39a88]" started-at="2022-08-31T13:53:10 IST" name="runScenario" description="Runs Cucumber Scenarios" data-provider="scenarios" finished-at="2022-08-31T13:53:47 IST" duration-ms="37583" status="FAIL">
          <params>
            <param index="0">
              <value>
                <![CDATA["the user wants to verify the functionality of the URL."]]>
              </value>
            </param>
            <param index="1">
              <value>
                <![CDATA["to verify the functionality of the application."]]>
              </value>
            </param>
          </params>
          <exception class="io.cucumber.java.PendingException">
            <message>
              <![CDATA[TODO: implement me]]>
            </message>
            <full-stacktrace>
              <![CDATA[io.cucumber.java.PendingException: TODO: implement me
at StepDefinition.RentalCarsStepDefinition.selects_the_pickup_date_and_drop_date_from_list(RentalCarsStepDefinition.java:47)
at ✽.selects the pickup date and drop date from list(file:///C:/Users/akash/eclipse-workspace/TripAdvisor_Application/src/test/resources/Functionality3/RentalsCars.feature:11)
]]>
            </full-stacktrace>
          </exception> <!-- io.cucumber.java.PendingException -->
          <reporter-output>
          </reporter-output>
        </test-method> <!-- runScenario -->
        <test-method is-config="true" signature="tearDownClass()[pri:0, instance:TestRunner.Functionality3TestRunner@4df39a88]" started-at="2022-08-31T13:53:47 IST" name="tearDownClass" finished-at="2022-08-31T13:53:47 IST" duration-ms="55" status="PASS">
          <reporter-output>
          </reporter-output>
        </test-method> <!-- tearDownClass -->
      </class> <!-- TestRunner.Functionality3TestRunner -->
    </test> <!-- Test4 -->
    <test started-at="2022-08-31T13:53:47 IST" name="Test5" finished-at="2022-08-31T13:54:27 IST" duration-ms="39205">
      <class name="TestRunner.Functionality4TestRunner">
        <test-method is-config="true" signature="setUpClass(org.testng.ITestContext)[pri:0, instance:TestRunner.Functionality4TestRunner@3f49e266]" started-at="2022-08-31T13:53:47 IST" name="setUpClass" finished-at="2022-08-31T13:53:47 IST" duration-ms="36" status="PASS">
          <params>
            <param index="0">
              <value>
                <![CDATA[org.testng.TestRunner@26ae97e]]>
              </value>
            </param>
          </params>
          <reporter-output>
          </reporter-output>
        </test-method> <!-- setUpClass -->
        <test-method signature="runScenario(io.cucumber.testng.PickleWrapper,io.cucumber.testng.FeatureWrapper)[pri:0, instance:TestRunner.Functionality4TestRunner@3f49e266]" started-at="2022-08-31T13:53:47 IST" name="runScenario" description="Runs Cucumber Scenarios" data-provider="scenarios" finished-at="2022-08-31T13:54:26 IST" duration-ms="39066" status="FAIL">
          <params>
            <param index="0">
              <value>
                <![CDATA["the user wants to verify the functionality of the URL."]]>
              </value>
            </param>
            <param index="1">
              <value>
                <![CDATA["to verify the functionality of the application."]]>
              </value>
            </param>
          </params>
          <exception class="java.lang.AssertionError">
            <message>
              <![CDATA[expected [ Write a review - Tripadvisor ] but found [Write a review - Tripadvisor]]]>
            </message>
            <full-stacktrace>
              <![CDATA[java.lang.AssertionError: expected [ Write a review - Tripadvisor ] but found [Write a review - Tripadvisor]
at org.testng.Assert.fail(Assert.java:110)
at org.testng.Assert.failNotEquals(Assert.java:1413)
at org.testng.Assert.assertEqualsImpl(Assert.java:149)
at org.testng.Assert.assertEquals(Assert.java:131)
at org.testng.Assert.assertEquals(Assert.java:655)
at org.testng.Assert.assertEquals(Assert.java:665)
at StepDefinition.ReviewPageStepDefinition.user_verifies_whether_the_searched_data_is_displayed_or_not(ReviewPageStepDefinition.java:34)
at ✽.user verifies whether the searched data is displayed or not.(file:///C:/Users/akash/eclipse-workspace/TripAdvisor_Application/src/test/resources/Functionality4/Review.feature:10)
]]>
            </full-stacktrace>
          </exception> <!-- java.lang.AssertionError -->
          <reporter-output>
          </reporter-output>
        </test-method> <!-- runScenario -->
        <test-method is-config="true" signature="tearDownClass()[pri:0, instance:TestRunner.Functionality4TestRunner@3f49e266]" started-at="2022-08-31T13:54:26 IST" name="tearDownClass" finished-at="2022-08-31T13:54:27 IST" duration-ms="81" status="PASS">
          <reporter-output>
          </reporter-output>
        </test-method> <!-- tearDownClass -->
      </class> <!-- TestRunner.Functionality4TestRunner -->
    </test> <!-- Test5 -->
    <test started-at="2022-08-31T13:54:27 IST" name="Test6" finished-at="2022-08-31T13:55:11 IST" duration-ms="44404">
      <class name="TestRunner.Functionality5TestRunner">
        <test-method is-config="true" signature="setUpClass(org.testng.ITestContext)[pri:0, instance:TestRunner.Functionality5TestRunner@7a1f8def]" started-at="2022-08-31T13:54:27 IST" name="setUpClass" finished-at="2022-08-31T13:54:27 IST" duration-ms="39" status="PASS">
          <params>
            <param index="0">
              <value>
                <![CDATA[org.testng.TestRunner@60c9f8ef]]>
              </value>
            </param>
          </params>
          <reporter-output>
          </reporter-output>
        </test-method> <!-- setUpClass -->
        <test-method signature="runScenario(io.cucumber.testng.PickleWrapper,io.cucumber.testng.FeatureWrapper)[pri:0, instance:TestRunner.Functionality5TestRunner@7a1f8def]" started-at="2022-08-31T13:54:27 IST" name="runScenario" description="Runs Cucumber Scenarios" data-provider="scenarios" finished-at="2022-08-31T13:55:11 IST" duration-ms="44272" status="PASS">
          <params>
            <param index="0">
              <value>
                <![CDATA["the user wants to verify the functionality of the URL."]]>
              </value>
            </param>
            <param index="1">
              <value>
                <![CDATA["to verify the functionality of the application."]]>
              </value>
            </param>
          </params>
          <reporter-output>
          </reporter-output>
        </test-method> <!-- runScenario -->
        <test-method is-config="true" signature="tearDownClass()[pri:0, instance:TestRunner.Functionality5TestRunner@7a1f8def]" started-at="2022-08-31T13:55:11 IST" name="tearDownClass" finished-at="2022-08-31T13:55:11 IST" duration-ms="81" status="PASS">
          <reporter-output>
          </reporter-output>
        </test-method> <!-- tearDownClass -->
      </class> <!-- TestRunner.Functionality5TestRunner -->
    </test> <!-- Test6 -->
  </suite> <!-- Suite -->
</testng-results>
